This dump was called from a function _StackConstruct_double
TIME: 2021-03-13 01:51:17.700

Stack (OK) [0x005CFA5C] "stk", id (0)
	{
	Type of data is double

	Capacity           = 8
	Current size       = 0

	Canary stack 1     = 47256
	Canary stack 2     = 47256

	Stack hash         = 0xAAE53F40EADC921E
	Data hash          = 0xA4F0A68C846985A8

	Data [0x009662D0]
		{
		Canary data 1: 47256
		 [0]: -nan(ind) (POISON)
		 [1]: -nan(ind) (POISON)
		 [2]: -nan(ind) (POISON)
		 [3]: -nan(ind) (POISON)
		 [4]: -nan(ind) (POISON)
		 [5]: -nan(ind) (POISON)
		 [6]: -nan(ind) (POISON)
		 [7]: -nan(ind) (POISON)
		Canary data 2: 47256
		}
	}
********************************************************************************
This dump was called from a function _StackConstruct_int
TIME: 2021-03-13 01:51:17.701

Stack (OK) [0x005CFA1C] "stk2", id (1)
	{
	Type of data is int

	Capacity           = 8
	Current size       = 0

	Canary stack 1     = 69354
	Canary stack 2     = 69354

	Stack hash         = 0xD5A3168408FBEA10
	Data hash          = 0xC9F03C731D6D17AC

	Data [0x0096AF28]
		{
		Canary data 1: 69354
		 [0]: 2147483647 (POISON)
		 [1]: 2147483647 (POISON)
		 [2]: 2147483647 (POISON)
		 [3]: 2147483647 (POISON)
		 [4]: 2147483647 (POISON)
		 [5]: 2147483647 (POISON)
		 [6]: 2147483647 (POISON)
		 [7]: 2147483647 (POISON)
		Canary data 2: 69354
		}
	}
********************************************************************************
This dump was called from a function StackPush_double
TIME: 2021-03-13 01:51:17.702

Stack (OK) [0x005CFA5C] "stk", id (0)
	{
	Type of data is double

	Capacity           = 8
	Current size       = 1

	Canary stack 1     = 84261
	Canary stack 2     = 84261

	Stack hash         = 0xC3C7F7EFE61E82C8
	Data hash          = 0x256BA97498352995

	Data [0x009662D0]
		{
		Canary data 1: 84261
		*[0]: 10.100000
		 [1]: -nan(ind) (POISON)
		 [2]: -nan(ind) (POISON)
		 [3]: -nan(ind) (POISON)
		 [4]: -nan(ind) (POISON)
		 [5]: -nan(ind) (POISON)
		 [6]: -nan(ind) (POISON)
		 [7]: -nan(ind) (POISON)
		Canary data 2: 84261
		}
	}
********************************************************************************
This dump was called from a function StackPush_double
TIME: 2021-03-13 01:51:17.702

Stack (OK) [0x005CFA5C] "stk", id (0)
	{
	Type of data is double

	Capacity           = 8
	Current size       = 2

	Canary stack 1     = 141026
	Canary stack 2     = 141026

	Stack hash         = 0x45C49F04EA63060E
	Data hash          = 0xA8C0DA44CAFB6F69

	Data [0x009662D0]
		{
		Canary data 1: 141026
		*[0]: 10.100000
		*[1]: -12.200000
		 [2]: -nan(ind) (POISON)
		 [3]: -nan(ind) (POISON)
		 [4]: -nan(ind) (POISON)
		 [5]: -nan(ind) (POISON)
		 [6]: -nan(ind) (POISON)
		 [7]: -nan(ind) (POISON)
		Canary data 2: 141026
		}
	}
********************************************************************************
This dump was called from a function StackPush_double
TIME: 2021-03-13 01:51:17.704

Stack (OK) [0x005CFA5C] "stk", id (0)
	{
	Type of data is double

	Capacity           = 8
	Current size       = 3

	Canary stack 1     = 282052
	Canary stack 2     = 282052

	Stack hash         = 0x3CBE480F47523E78
	Data hash          = 0x5F1BB02B35B5F979

	Data [0x009662D0]
		{
		Canary data 1: 282052
		*[0]: 10.100000
		*[1]: -12.200000
		*[2]: 0.112255
		 [3]: -nan(ind) (POISON)
		 [4]: -nan(ind) (POISON)
		 [5]: -nan(ind) (POISON)
		 [6]: -nan(ind) (POISON)
		 [7]: -nan(ind) (POISON)
		Canary data 2: 282052
		}
	}
********************************************************************************
This dump was called from a function StackPush_double
TIME: 2021-03-13 01:51:17.705

Stack (OK) [0x005CFA5C] "stk", id (0)
	{
	Type of data is double

	Capacity           = 8
	Current size       = 4

	Canary stack 1     = 564104
	Canary stack 2     = 564104

	Stack hash         = 0xDB941A037B182775
	Data hash          = 0x46A933B7799FD260

	Data [0x009662D0]
		{
		Canary data 1: 564104
		*[0]: 10.100000
		*[1]: -12.200000
		*[2]: 0.112255
		*[3]: -0.400000
		 [4]: -nan(ind) (POISON)
		 [5]: -nan(ind) (POISON)
		 [6]: -nan(ind) (POISON)
		 [7]: -nan(ind) (POISON)
		Canary data 2: 564104
		}
	}
********************************************************************************
This dump was called from a function StackPush_double
TIME: 2021-03-13 01:51:17.706

Stack (OK) [0x005CFA5C] "stk", id (0)
	{
	Type of data is double

	Capacity           = 8
	Current size       = 5

	Canary stack 1     = 1129192
	Canary stack 2     = 1129192

	Stack hash         = 0xCD373F12A47E3766
	Data hash          = 0xD44FFEB4E01AED60

	Data [0x009662D0]
		{
		Canary data 1: 1129192
		*[0]: 10.100000
		*[1]: -12.200000
		*[2]: 0.112255
		*[3]: -0.400000
		*[4]: 12.000000
		 [5]: -nan(ind) (POISON)
		 [6]: -nan(ind) (POISON)
		 [7]: -nan(ind) (POISON)
		Canary data 2: 1129192
		}
	}
********************************************************************************
This dump was called from a function StackPush_double
TIME: 2021-03-13 01:51:17.707

Stack (OK) [0x005CFA5C] "stk", id (0)
	{
	Type of data is double

	Capacity           = 8
	Current size       = 6

	Canary stack 1     = 2265668
	Canary stack 2     = 2265668

	Stack hash         = 0x795203AB2CEED884
	Data hash          = 0x60093D7A1386EAC0

	Data [0x009662D0]
		{
		Canary data 1: 2265668
		*[0]: 10.100000
		*[1]: -12.200000
		*[2]: 0.112255
		*[3]: -0.400000
		*[4]: 12.000000
		*[5]: 10.300000
		 [6]: -nan(ind) (POISON)
		 [7]: -nan(ind) (POISON)
		Canary data 2: 2265668
		}
	}
********************************************************************************
This dump was called from a function StackPush_double
TIME: 2021-03-13 01:51:17.708

Stack (OK) [0x005CFA5C] "stk", id (0)
	{
	Type of data is double

	Capacity           = 8
	Current size       = 7

	Canary stack 1     = 4538016
	Canary stack 2     = 4538016

	Stack hash         = 0xF3B0051A0B37B006
	Data hash          = 0xC0211D18AD96352F

	Data [0x009662D0]
		{
		Canary data 1: 4538016
		*[0]: 10.100000
		*[1]: -12.200000
		*[2]: 0.112255
		*[3]: -0.400000
		*[4]: 12.000000
		*[5]: 10.300000
		*[6]: -12.250000
		 [7]: -nan(ind) (POISON)
		Canary data 2: 4538016
		}
	}
********************************************************************************
This dump was called from a function StackPush_double
TIME: 2021-03-13 01:51:17.709

Stack (OK) [0x005CFA5C] "stk", id (0)
	{
	Type of data is double

	Capacity           = 16
	Current size       = 8

	Canary stack 1     = 9043550
	Canary stack 2     = 9043550

	Stack hash         = 0x366D0C0D76458601
	Data hash          = 0x9B5D69AEAA018764

	Data [0x009604D8]
		{
		Canary data 1: 9043550
		*[0]: 10.100000
		*[1]: -12.200000
		*[2]: 0.112255
		*[3]: -0.400000
		*[4]: 12.000000
		*[5]: 10.300000
		*[6]: -12.250000
		*[7]: 11.110000
		 [8]: -nan(ind) (POISON)
		 [9]: -nan(ind) (POISON)
		 [10]: -nan(ind) (POISON)
		 [11]: -nan(ind) (POISON)
		 [12]: -nan(ind) (POISON)
		 [13]: -nan(ind) (POISON)
		 [14]: -nan(ind) (POISON)
		 [15]: -nan(ind) (POISON)
		Canary data 2: 9043550
		}
	}
********************************************************************************
This dump was called from a function StackPop_double
TIME: 2021-03-13 01:51:17.710

Stack (OK) [0x005CFA5C] "stk", id (0)
	{
	Type of data is double

	Capacity           = 16
	Current size       = 7

	Canary stack 1     = 18087100
	Canary stack 2     = 18087100

	Stack hash         = 0x29C49B56857D5B7D
	Data hash          = 0xC4561A12DDAA40A1

	Data [0x009604D8]
		{
		Canary data 1: 18087100
		*[0]: 10.100000
		*[1]: -12.200000
		*[2]: 0.112255
		*[3]: -0.400000
		*[4]: 12.000000
		*[5]: 10.300000
		*[6]: -12.250000
		 [7]: -nan(ind) (POISON)
		 [8]: -nan(ind) (POISON)
		 [9]: -nan(ind) (POISON)
		 [10]: -nan(ind) (POISON)
		 [11]: -nan(ind) (POISON)
		 [12]: -nan(ind) (POISON)
		 [13]: -nan(ind) (POISON)
		 [14]: -nan(ind) (POISON)
		 [15]: -nan(ind) (POISON)
		Canary data 2: 18087100
		}
	}
********************************************************************************
This dump was called from a function StackPop_double
TIME: 2021-03-13 01:51:17.710

Stack (OK) [0x005CFA5C] "stk", id (0)
	{
	Type of data is double

	Capacity           = 16
	Current size       = 6

	Canary stack 1     = 36170638
	Canary stack 2     = 36170638

	Stack hash         = 0xFA2FD2812D4A2F6C
	Data hash          = 0x193D61EE55218095

	Data [0x009604D8]
		{
		Canary data 1: 36170638
		*[0]: 10.100000
		*[1]: -12.200000
		*[2]: 0.112255
		*[3]: -0.400000
		*[4]: 12.000000
		*[5]: 10.300000
		 [6]: -nan(ind) (POISON)
		 [7]: -nan(ind) (POISON)
		 [8]: -nan(ind) (POISON)
		 [9]: -nan(ind) (POISON)
		 [10]: -nan(ind) (POISON)
		 [11]: -nan(ind) (POISON)
		 [12]: -nan(ind) (POISON)
		 [13]: -nan(ind) (POISON)
		 [14]: -nan(ind) (POISON)
		 [15]: -nan(ind) (POISON)
		Canary data 2: 36170638
		}
	}
********************************************************************************
ERROR: file C:\Users\admin\Documents\.Programming\C\.Projects\Stack\Stack\Stack.h  line 401  function StackPop_double

This dump was called from a function StackPop_double
TIME: 2021-03-13 01:51:17.711

Stack cracked, hash corrupted

Stack (ERROR) [0x005CFA5C] "stk", id (0)
	{
	Type of data is double

	Capacity           = 16
	Current size       = 2

	Canary stack 1     = 36170638
	Canary stack 2     = 36170638

	Stack hash         = 0xFA2FD2812D4A2F6C
	Data hash          = 0x193D61EE55218095

	True stack hash    = 0x6FA08DB2A095B194
	True data hash     = 0x193D61EE55218095

	Data [0x009604D8]
		{
		Canary data 1: 36170638
		*[0]: 10.100000
		*[1]: -12.200000
		*[2]: 0.112255
		*[3]: -0.400000
		*[4]: 12.000000
		*[5]: 10.300000
		 [6]: -nan(ind) (POISON)
		 [7]: -nan(ind) (POISON)
		 [8]: -nan(ind) (POISON)
		 [9]: -nan(ind) (POISON)
		 [10]: -nan(ind) (POISON)
		 [11]: -nan(ind) (POISON)
		 [12]: -nan(ind) (POISON)
		 [13]: -nan(ind) (POISON)
		 [14]: -nan(ind) (POISON)
		 [15]: -nan(ind) (POISON)
		Canary data 2: 36170638
		}
	}
********************************************************************************
